<?xml version="1.0" encoding="UTF-8"?>
<testsuite xmlns:xsi="http://www.w3.org/2001/XMLSchema-instance" xsi:noNamespaceSchemaLocation="https://maven.apache.org/surefire/maven-surefire-plugin/xsd/surefire-test-report.xsd" name="cn.edu.sustech.ContainerImplTest" time="0.329" tests="17" errors="0" skipped="0" failures="14">
  <properties>
[...]
</properties>
  <testcase name="testResolveWithNoDependency" classname="cn.edu.sustech.ContainerImplTest" time="0.179">
    <failure message="expected: not &lt;null&gt;" type="org.opentest4j.AssertionFailedError"><![CDATA[org.opentest4j.AssertionFailedError: expected: not <null>
	at cn.edu.sustech.ContainerImplTest.testResolveWithNoDependency(ContainerImplTest.java:68)
]]></failure>
  </testcase>
  <testcase name="testWithDependencyNotFound" classname="cn.edu.sustech.ContainerImplTest" time="0.008">
    <failure message="Expected cn.edu.sustech.ServiceNotFoundException to be thrown, but nothing was thrown." type="org.opentest4j.AssertionFailedError">org.opentest4j.AssertionFailedError: Expected cn.edu.sustech.ServiceNotFoundException to be thrown, but nothing was thrown.
	at cn.edu.sustech.ContainerImplTest.testWithDependencyNotFound(ContainerImplTest.java:97)
</failure>
  </testcase>
  <testcase name="testServiceNotFound" classname="cn.edu.sustech.ContainerImplTest" time="0.022">
    <failure message="Expected cn.edu.sustech.ServiceNotFoundException to be thrown, but nothing was thrown." type="org.opentest4j.AssertionFailedError">org.opentest4j.AssertionFailedError: Expected cn.edu.sustech.ServiceNotFoundException to be thrown, but nothing was thrown.
	at cn.edu.sustech.ContainerImplTest.testServiceNotFound(ContainerImplTest.java:104)
</failure>
  </testcase>
  <testcase name="testImplTypeForInterface" classname="cn.edu.sustech.ContainerImplTest" time="0.004">
    <failure message="expected: not &lt;null&gt;" type="org.opentest4j.AssertionFailedError"><![CDATA[org.opentest4j.AssertionFailedError: expected: not <null>
	at cn.edu.sustech.ContainerImplTest.testImplTypeForInterface(ContainerImplTest.java:124)
]]></failure>
  </testcase>
  <testcase name="testRegisterNull" classname="cn.edu.sustech.ContainerImplTest" time="0.012">
    <failure message="Expected java.lang.IllegalArgumentException to be thrown, but nothing was thrown." type="org.opentest4j.AssertionFailedError">org.opentest4j.AssertionFailedError: Expected java.lang.IllegalArgumentException to be thrown, but nothing was thrown.
	at cn.edu.sustech.ContainerImplTest.testRegisterNull(ContainerImplTest.java:36)
</failure>
  </testcase>
  <testcase name="testWithConstructorDependency" classname="cn.edu.sustech.ContainerImplTest" time="0.002">
    <failure message="expected: not &lt;null&gt;" type="org.opentest4j.AssertionFailedError"><![CDATA[org.opentest4j.AssertionFailedError: expected: not <null>
	at cn.edu.sustech.ContainerImplTest.testWithConstructorDependency(ContainerImplTest.java:77)
]]></failure>
  </testcase>
  <testcase name="testMixedDependencies" classname="cn.edu.sustech.ContainerImplTest" time="0.003">
    <failure message="expected: not &lt;null&gt;" type="org.opentest4j.AssertionFailedError"><![CDATA[org.opentest4j.AssertionFailedError: expected: not <null>
	at cn.edu.sustech.ContainerImplTest.testMixedDependencies(ContainerImplTest.java:115)
]]></failure>
  </testcase>
  <testcase name="testRegister" classname="cn.edu.sustech.ContainerImplTest" time="0.002"/>
  <testcase name="testImplTypeForAbstractClass" classname="cn.edu.sustech.ContainerImplTest" time="0.011">
    <failure message="expected: not &lt;null&gt;" type="org.opentest4j.AssertionFailedError"><![CDATA[org.opentest4j.AssertionFailedError: expected: not <null>
	at cn.edu.sustech.ContainerImplTest.testImplTypeForAbstractClass(ContainerImplTest.java:132)
]]></failure>
  </testcase>
  <testcase name="testRegisterAbstractClassOrInterface" classname="cn.edu.sustech.ContainerImplTest" time="0.01">
    <failure message="Expected java.lang.IllegalArgumentException to be thrown, but nothing was thrown." type="org.opentest4j.AssertionFailedError">org.opentest4j.AssertionFailedError: Expected java.lang.IllegalArgumentException to be thrown, but nothing was thrown.
	at cn.edu.sustech.ContainerImplTest.testRegisterAbstractClassOrInterface(ContainerImplTest.java:56)
</failure>
  </testcase>
  <testcase name="testResolveNull" classname="cn.edu.sustech.ContainerImplTest" time="0.003">
    <failure message="Expected java.lang.IllegalArgumentException to be thrown, but nothing was thrown." type="org.opentest4j.AssertionFailedError">org.opentest4j.AssertionFailedError: Expected java.lang.IllegalArgumentException to be thrown, but nothing was thrown.
	at cn.edu.sustech.ContainerImplTest.testResolveNull(ContainerImplTest.java:49)
</failure>
  </testcase>
  <testcase name="testFieldWithoutInject" classname="cn.edu.sustech.ContainerImplTest" time="0.002">
    <failure message="expected: not &lt;null&gt;" type="org.opentest4j.AssertionFailedError"><![CDATA[org.opentest4j.AssertionFailedError: expected: not <null>
	at cn.edu.sustech.ContainerImplTest.testFieldWithoutInject(ContainerImplTest.java:161)
]]></failure>
  </testcase>
  <testcase name="testRegisterClassWithMultipleConstructors" classname="cn.edu.sustech.ContainerImplTest" time="0.003">
    <failure message="Expected java.lang.IllegalArgumentException to be thrown, but nothing was thrown." type="org.opentest4j.AssertionFailedError">org.opentest4j.AssertionFailedError: Expected java.lang.IllegalArgumentException to be thrown, but nothing was thrown.
	at cn.edu.sustech.ContainerImplTest.testRegisterClassWithMultipleConstructors(ContainerImplTest.java:151)
</failure>
  </testcase>
  <testcase name="testDependencyImpl" classname="cn.edu.sustech.ContainerImplTest" time="0.002">
    <failure message="expected: not &lt;null&gt;" type="org.opentest4j.AssertionFailedError"><![CDATA[org.opentest4j.AssertionFailedError: expected: not <null>
	at cn.edu.sustech.ContainerImplTest.testDependencyImpl(ContainerImplTest.java:142)
]]></failure>
  </testcase>
  <testcase name="testWithAnnotationDependency" classname="cn.edu.sustech.ContainerImplTest" time="0.003">
    <failure message="expected: not &lt;null&gt;" type="org.opentest4j.AssertionFailedError"><![CDATA[org.opentest4j.AssertionFailedError: expected: not <null>
	at cn.edu.sustech.ContainerImplTest.testWithAnnotationDependency(ContainerImplTest.java:88)
]]></failure>
  </testcase>
  <testcase name="createNewContainer" classname="cn.edu.sustech.ContainerImplTest" time="0.002"/>
  <testcase name="testRegisterWithImpl" classname="cn.edu.sustech.ContainerImplTest" time="0.001"/>
</testsuite>